  CubePlayer.cpp
C:\Users\Nesli\Documents\3D Prog\Compulsory_3\3d_Comp_3\Comp_3_3D\CubePlayer.cpp(25,48): warning C4267: 'argument': conversion from 'size_t' to 'GLsizei', possible loss of data
  Main.cpp
C:\Users\Nesli\Documents\3D Prog\Compulsory_3\3d_Comp_3\Comp_3_3D\Main.cpp(206,17): warning C4244: '=': conversion from 'double' to 'float', possible loss of data
C:\Users\Nesli\Documents\3D Prog\Compulsory_3\3d_Comp_3\Comp_3_3D\Main.cpp(207,17): warning C4244: '=': conversion from 'double' to 'float', possible loss of data
C:\Users\Nesli\Documents\3D Prog\Compulsory_3\3d_Comp_3\Comp_3_3D\Main.cpp(211,19): warning C4244: 'initializing': conversion from 'double' to 'float', possible loss of data
C:\Users\Nesli\Documents\3D Prog\Compulsory_3\3d_Comp_3\Comp_3_3D\Main.cpp(212,19): warning C4244: 'initializing': conversion from 'double' to 'float', possible loss of data
C:\Users\Nesli\Documents\3D Prog\Compulsory_3\3d_Comp_3\Comp_3_3D\Main.cpp(213,13): warning C4244: '=': conversion from 'double' to 'float', possible loss of data
C:\Users\Nesli\Documents\3D Prog\Compulsory_3\3d_Comp_3\Comp_3_3D\Main.cpp(214,13): warning C4244: '=': conversion from 'double' to 'float', possible loss of data
C:\Users\Nesli\Documents\3D Prog\Compulsory_3\3d_Comp_3\Comp_3_3D\Main.cpp(227,44): warning C4244: 'argument': conversion from 'double' to 'float', possible loss of data
  NPCPath.cpp
C:\Users\Nesli\Documents\3D Prog\Compulsory_3\3d_Comp_3\Comp_3_3D\NPCPath.cpp(28,42): warning C4267: 'argument': conversion from 'size_t' to 'GLsizei', possible loss of data
  Object.cpp
C:\Users\Nesli\Documents\3D Prog\Compulsory_3\3d_Comp_3\Comp_3_3D\Object.cpp(43,48): warning C4267: 'argument': conversion from 'size_t' to 'GLsizei', possible loss of data
C:\Users\Nesli\Documents\3D Prog\Compulsory_3\3d_Comp_3\Comp_3_3D\Object.cpp(52,46): warning C4267: 'argument': conversion from 'size_t' to 'GLsizei', possible loss of data
C:\Users\Nesli\Documents\3D Prog\Compulsory_3\3d_Comp_3\Comp_3_3D\Object.cpp(166,22): warning C4244: 'initializing': conversion from 'double' to 'float', possible loss of data
C:\Users\Nesli\Documents\3D Prog\Compulsory_3\3d_Comp_3\Comp_3_3D\Object.cpp(167,21): warning C4244: 'initializing': conversion from 'double' to 'float', possible loss of data
C:\Users\Nesli\Documents\3D Prog\Compulsory_3\3d_Comp_3\Comp_3_3D\Object.cpp(173,31): warning C4244: '=': conversion from 'double' to 'float', possible loss of data
C:\Users\Nesli\Documents\3D Prog\Compulsory_3\3d_Comp_3\Comp_3_3D\Object.cpp(228,19): warning C4267: 'initializing': conversion from 'size_t' to 'int', possible loss of data
  Generating Code...
LINK : warning LNK4098: defaultlib 'MSVCRT' conflicts with use of other libs; use /NODEFAULTLIB:library
  Comp_3_3D.vcxproj -> C:\Users\Nesli\Documents\3D Prog\Compulsory_3\3d_Comp_3\Comp_3_3D\x64\Debug\Comp_3_3D.exe
